<?xml version="1.0" encoding="UTF-8"?>
<testsuite name="com.adobe.cq.sling.SimpleUnitTest" time="0.016" tests="2" errors="1" skipped="0" failures="0">
  <properties>
[...]
</properties>
  <testcase name="someTest" classname="com.adobe.cq.sling.SimpleUnitTest" time="0"/>
  <testcase name="prospectServiceFail" classname="com.adobe.cq.sling.SimpleUnitTest" time="0.016">
    <error message="org/slf4j/impl/StaticLoggerBinder" type="java.lang.NoClassDefFoundError"><![CDATA[java.lang.NoClassDefFoundError: org/slf4j/impl/StaticLoggerBinder
	at java.net.URLClassLoader.findClass(URLClassLoader.java:381)
	at java.lang.ClassLoader.loadClass(ClassLoader.java:424)
	at sun.misc.Launcher$AppClassLoader.loadClass(Launcher.java:331)
	at java.lang.ClassLoader.loadClass(ClassLoader.java:357)
	at org.slf4j.LoggerFactory.getSingleton(LoggerFactory.java:230)
	at org.slf4j.LoggerFactory.bind(LoggerFactory.java:121)
	at org.slf4j.LoggerFactory.performInitialization(LoggerFactory.java:112)
	at org.slf4j.LoggerFactory.getILoggerFactory(LoggerFactory.java:275)
	at org.slf4j.LoggerFactory.getLogger(LoggerFactory.java:248)
	at org.slf4j.LoggerFactory.getLogger(LoggerFactory.java:261)
	at com.adobe.cq.service.ProspectServiceImpl.<init>(ProspectServiceImpl.java:49)
	at com.adobe.cq.sling.SimpleUnitTest.prospectServiceFail(SimpleUnitTest.java:19)
]]></error>
    <system-err>SLF4J: Failed to load class "org.slf4j.impl.StaticLoggerBinder".
SLF4J: See http://www.slf4j.org/codes.html#StaticLoggerBinder for further details.
</system-err>
  </testcase>
</testsuite>